c:\users\phelpsa6\documents\projects\cpsc 231\project 1\project 1\debug\project 1.pch
c:\users\phelpsa6\documents\projects\cpsc 231\project 1\project 1\debug\vc140.pdb
c:\users\phelpsa6\documents\projects\cpsc 231\project 1\project 1\debug\vc140.idb
c:\users\phelpsa6\documents\projects\cpsc 231\project 1\project 1\debug\stdafx.obj
c:\users\phelpsa6\documents\projects\cpsc 231\project 1\project 1\debug\person.obj
c:\users\phelpsa6\documents\projects\cpsc 231\project 1\project 1\debug\project 1.obj
c:\users\phelpsa6\documents\projects\cpsc 231\project 1\debug\project 1.ilk
c:\users\phelpsa6\documents\projects\cpsc 231\project 1\debug\project 1.exe
c:\users\phelpsa6\documents\projects\cpsc 231\project 1\debug\project 1.pdb
c:\users\amp200123\documents\github\lcc\cpsc 231\project 1\project 1\debug\person.obj
c:\users\amp200123\documents\github\lcc\cpsc 231\project 1\project 1\debug\project 1.obj
c:\users\amp200123\documents\github\lcc\cpsc 231\project 1\project 1\debug\stdafx.obj
c:\users\amp200123\documents\github\lcc\cpsc 231\project 1\project 1\debug\project 1.pch
c:\users\amp200123\documents\github\lcc\cpsc 231\project 1\project 1\debug\vc140.idb
c:\users\amp200123\documents\github\lcc\cpsc 231\project 1\project 1\debug\vc140.pdb
c:\users\amp200123\documents\github\lcc\cpsc 231\project 1\debug\project 1.pdb
c:\users\amp200123\documents\github\lcc\cpsc 231\project 1\debug\project 1.exe
c:\users\amp200123\documents\github\lcc\cpsc 231\project 1\debug\project 1.ilk
c:\users\amp200123\documents\github\lcc\cpsc 231\project 1\project 1\debug\project 1.tlog\cl.command.1.tlog
c:\users\amp200123\documents\github\lcc\cpsc 231\project 1\project 1\debug\project 1.tlog\cl.read.1.tlog
c:\users\amp200123\documents\github\lcc\cpsc 231\project 1\project 1\debug\project 1.tlog\cl.write.1.tlog
c:\users\amp200123\documents\github\lcc\cpsc 231\project 1\project 1\debug\project 1.tlog\link.command.1.tlog
c:\users\amp200123\documents\github\lcc\cpsc 231\project 1\project 1\debug\project 1.tlog\link.read.1.tlog
c:\users\amp200123\documents\github\lcc\cpsc 231\project 1\project 1\debug\project 1.tlog\link.write.1.tlog
